<?xml version="1.0" encoding="UTF-8"?>
<testsuite name="com.nanhuajiaren.cookieparse.CookieParseTest" tests="1" skipped="0" failures="0" errors="0" timestamp="2021-11-28T15:42:53" hostname="DESKTOP-J7N3VL5" time="0.015">
  <properties/>
  <testcase name="toCookieTest()" classname="com.nanhuajiaren.cookieparse.CookieParseTest" time="0.015"/>
  <system-out><![CDATA[a=hi; b=456; d=%u6d63%u72b2%u30bd%3b%5b%5d
]]></system-out>
  <system-err><![CDATA[]]></system-err>
</testsuite>
